
================================================================
======== txAdmin Starting - 6/24/2023, 3:57:01 AM               
================================================================

================================================================
======== Log Rotated - 6/24/2023, 3:57:01 AM                    
================================================================

================================================================
======== txAdmin Starting - 6/24/2023, 4:00:01 AM               
================================================================

================================================================
======== txAdmin Starting - 6/24/2023, 4:05:52 AM               
================================================================
[4:08:47 AM] txAdmin: Logger started
[4:13:28 AM] [bfhPn#1] GPhud: joined with identifiers [license:e2d89498d3ee7683d71f5c40e640bb136689cdc2; xbl:2533274941717919; live:1688853302016856; discord:210110867562299392; license2:6a41c97fd1b98128edd5eec8a43ca0e1609fe7ad]
[4:14:07 AM] [bfhPn#1] GPhud: said "/vx"
[4:14:35 AM] UNKNOWN: ((DM) PHUD): said "fucker"
[4:16:07 AM] [bfhPn#1] GPhud: said "/vmenu"
[4:17:04 AM] [bfhPn#1] GPhud: disconnected (Exiting)

================================================================
======== txAdmin Starting - 6/24/2023, 4:33:20 AM               
================================================================
[4:33:31 AM] txAdmin: Logger started
